Build started 11/12/2016 8:09:28 PM.
     1>Project "C:\Users\Admin\Documents\Visual Studio 2012\Projects\Assignment3_1.2\Assignment3_1.2.vcxproj" on node 2 (Build target(s)).
     1>ClCompile:
         C:\Program Files\Microsoft Visual Studio 11.0\VC\bin\CL.exe /c /ZI /nologo /W3 /WX- /Od /Oy- /D _MBCS /Gm /EHsc /RTC1 /MDd /GS /fp:precise /Zc:wchar_t /Zc:forScope /Fo"Debug\\" /Fd"Debug\vc110.pdb" /Gd /TP /analyze- /errorReport:prompt E10.cpp
         E10.cpp
       Link:
         C:\Program Files\Microsoft Visual Studio 11.0\VC\bin\link.exe /ERRORREPORT:PROMPT /OUT:"C:\Users\Admin\Documents\Visual Studio 2012\Projects\Assignment3_1.2\Debug\Assignment3_1.2.exe" /INCREMENTAL /NOLOGO kernel32.lib user32.lib gdi32.lib winspool.lib comdlg32.lib advapi32.lib shell32.lib ole32.lib oleaut32.lib uuid.lib odbc32.lib odbccp32.lib /MANIFEST /MANIFESTUAC:"level='asInvoker' uiAccess='false'" /manifest:embed /DEBUG /PDB:"C:\Users\Admin\Documents\Visual Studio 2012\Projects\Assignment3_1.2\Debug\Assignment3_1.2.pdb" /TLBID:1 /DYNAMICBASE /NXCOMPAT /IMPLIB:"C:\Users\Admin\Documents\Visual Studio 2012\Projects\Assignment3_1.2\Debug\Assignment3_1.2.lib" /MACHINE:X86 Debug\AVLTree.obj
         Debug\E1.obj
         Debug\E10.obj
         Debug\E2.obj
         Debug\E3.obj
         Debug\E4.obj
         Debug\E5.obj
         Debug\E6.obj
         Debug\E7.obj
         Debug\E8.obj
         Debug\E9.obj
         Debug\Graph.obj
         Debug\Heap.obj
         Debug\InputHeader.obj
         Debug\main.obj
         Debug\Node.obj
         Assignment3_1.2.vcxproj -> C:\Users\Admin\Documents\Visual Studio 2012\Projects\Assignment3_1.2\Debug\Assignment3_1.2.exe
     1>Done Building Project "C:\Users\Admin\Documents\Visual Studio 2012\Projects\Assignment3_1.2\Assignment3_1.2.vcxproj" (Build target(s)).

Build succeeded.

Time Elapsed 00:00:01.60
